2025-06-12T04:09:28: 
> autoxau@1.0.0 start
> next start -p 3000

2025-06-12T04:09:28: 2025-06-12T04:09:29: 
> autoxau@1.0.0 start
> next start -p 3000

2025-06-12T04:09:29: 2025-06-12T04:09:30: 
> autoxau@1.0.0 start
> next start -p 3000

2025-06-12T04:09:30: 2025-06-12T04:09:31: 
> autoxau@1.0.0 start
> next start -p 3000

2025-06-12T04:09:31: 2025-06-12T04:09:32: 
> autoxau@1.0.0 start
> next start -p 3000

2025-06-12T04:09:32: 2025-06-12T04:09:33: 
> autoxau@1.0.0 start
> next start -p 3000

2025-06-12T04:09:33: 2025-06-12T04:09:34: 
> autoxau@1.0.0 start
> next start -p 3000

2025-06-12T04:09:35: 2025-06-12T04:09:35: 
> autoxau@1.0.0 start
> next start -p 3000

2025-06-12T04:09:35: 2025-06-12T04:09:36: 
> autoxau@1.0.0 start
> next start -p 3000

2025-06-12T04:09:37: 2025-06-12T04:09:37: 
> autoxau@1.0.0 start
> next start -p 3000

2025-06-12T04:09:37: 2025-06-12T04:09:38: 
> autoxau@1.0.0 start
> next start -p 3000

2025-06-12T04:09:39: 2025-06-12T04:09:39: 
> autoxau@1.0.0 start
> next start -p 3000

2025-06-12T04:09:40: 2025-06-12T04:09:40: 
> autoxau@1.0.0 start
> next start -p 3000

2025-06-12T04:09:41: 2025-06-12T04:09:41: 
> autoxau@1.0.0 start
> next start -p 3000

2025-06-12T04:09:42: 2025-06-12T04:09:42: 
> autoxau@1.0.0 start
> next start -p 3000

2025-06-12T04:09:43: 2025-06-12T04:09:43: 
> autoxau@1.0.0 start
> next start -p 3000

2025-06-12T04:09:44: 2025-06-12T04:09:45: 
> autoxau@1.0.0 start
> next start -p 3000

2025-06-12T04:09:45: 2025-06-12T04:09:46: 
> autoxau@1.0.0 start
> next start -p 3000

2025-06-12T04:09:46: 2025-06-12T04:09:47: 
> autoxau@1.0.0 start
> next start -p 3000

2025-06-12T04:09:47: 2025-06-12T04:09:48: 
> autoxau@1.0.0 start
> next start -p 3000

2025-06-12T04:09:49: 2025-06-12T04:09:49: 
> autoxau@1.0.0 start
> next start -p 3000

2025-06-12T04:09:50: 2025-06-12T04:09:50: 
> autoxau@1.0.0 start
> next start -p 3000

2025-06-12T04:09:51: 2025-06-12T04:09:51: 
> autoxau@1.0.0 start
> next start -p 3000

2025-06-12T04:09:52: 2025-06-12T04:09:52: 
> autoxau@1.0.0 start
> next start -p 3000

2025-06-12T04:09:53: 2025-06-12T04:09:53: 
> autoxau@1.0.0 start
> next start -p 3000

2025-06-12T04:09:54: 2025-06-12T04:09:54: 
> autoxau@1.0.0 start
> next start -p 3000

2025-06-12T04:09:55: 2025-06-12T04:09:55: 
> autoxau@1.0.0 start
> next start -p 3000

2025-06-12T04:09:56: 2025-06-12T04:09:56: 
> autoxau@1.0.0 start
> next start -p 3000

2025-06-12T04:09:57: 2025-06-12T04:09:57: 
> autoxau@1.0.0 start
> next start -p 3000

2025-06-12T04:09:58: 2025-06-12T04:09:58: 
> autoxau@1.0.0 start
> next start -p 3000

2025-06-12T04:09:59: 2025-06-12T04:09:59: 
> autoxau@1.0.0 start
> next start -p 3000

2025-06-12T04:10:00: 2025-06-12T04:10:00: 
> autoxau@1.0.0 start
> next start -p 3000

2025-06-12T04:10:01: 2025-06-12T04:10:02: 
> autoxau@1.0.0 start
> next start -p 3000

2025-06-12T04:10:03: 2025-06-12T04:10:04: 
> autoxau@1.0.0 start
> next start -p 3000

2025-06-12T04:10:05: 2025-06-12T04:10:05: 
> autoxau@1.0.0 start
> next start -p 3000

2025-06-12T04:10:06: 2025-06-12T04:10:07: 
> autoxau@1.0.0 start
> next start -p 3000

2025-06-12T04:10:07: 2025-06-12T04:10:08: 
> autoxau@1.0.0 start
> next start -p 3000

2025-06-12T04:10:09: 2025-06-12T04:10:09: 
> autoxau@1.0.0 start
> next start -p 3000

2025-06-12T04:10:10: 2025-06-12T04:10:10: 
> autoxau@1.0.0 start
> next start -p 3000

2025-06-12T04:10:11: 2025-06-12T04:10:11: 
> autoxau@1.0.0 start
> next start -p 3000

2025-06-12T04:10:12: 2025-06-12T04:10:12: 
> autoxau@1.0.0 start
> next start -p 3000

2025-06-12T04:10:13: 2025-06-12T04:10:13: 
> autoxau@1.0.0 start
> next start -p 3000

2025-06-12T04:10:14: 2025-06-12T04:10:14: 
> autoxau@1.0.0 start
> next start -p 3000

2025-06-12T04:10:15: 2025-06-12T04:10:15: 
> autoxau@1.0.0 start
> next start -p 3000

2025-06-12T04:10:16: 2025-06-12T04:10:16: 
> autoxau@1.0.0 start
> next start -p 3000

2025-06-12T04:10:17: 2025-06-12T04:10:17: 
> autoxau@1.0.0 start
> next start -p 3000

2025-06-12T04:10:18: 2025-06-12T04:10:18: 
> autoxau@1.0.0 start
> next start -p 3000

2025-06-12T04:10:19: 2025-06-12T04:10:19: 
> autoxau@1.0.0 start
> next start -p 3000

2025-06-12T04:10:20: 2025-06-12T04:10:20: 
> autoxau@1.0.0 start
> next start -p 3000

2025-06-12T04:10:21: 2025-06-12T04:10:21: 
> autoxau@1.0.0 start
> next start -p 3000

2025-06-12T04:10:22: 2025-06-12T04:10:22: 
> autoxau@1.0.0 start
> next start -p 3000

2025-06-12T04:10:23: 2025-06-12T04:10:24: 
> autoxau@1.0.0 start
> next start -p 3000

2025-06-12T04:10:24: 2025-06-12T04:10:25: 
> autoxau@1.0.0 start
> next start -p 3000

2025-06-12T04:10:25: 2025-06-12T04:10:26: 
> autoxau@1.0.0 start
> next start -p 3000

2025-06-12T04:10:27: 2025-06-12T04:10:27: 
> autoxau@1.0.0 start
> next start -p 3000

2025-06-12T04:10:28: 2025-06-12T04:10:28: 
> autoxau@1.0.0 start
> next start -p 3000

2025-06-12T04:10:29: 2025-06-12T04:10:29: 
> autoxau@1.0.0 start
> next start -p 3000

2025-06-12T04:10:30: 2025-06-12T04:10:30: 
> autoxau@1.0.0 start
> next start -p 3000

2025-06-12T04:10:31: 2025-06-12T04:10:32: 
> autoxau@1.0.0 start
> next start -p 3000

2025-06-12T04:10:32: 2025-06-12T04:10:33: 
> autoxau@1.0.0 start
> next start -p 3000

2025-06-12T04:10:34: 2025-06-12T04:10:34: 2025-06-12T04:10:34: 
> autoxau@1.0.0 start
> next start -p 3000

2025-06-12T04:10:35: 2025-06-12T04:10:35: 
> autoxau@1.0.0 start
> next start -p 3000

2025-06-12T04:10:36: 2025-06-12T04:10:36: 
> autoxau@1.0.0 start
> next start -p 3000

2025-06-12T04:10:37: 2025-06-12T04:10:37: 
> autoxau@1.0.0 start
> next start -p 3000

2025-06-12T04:10:38: 2025-06-12T04:10:38: 
> autoxau@1.0.0 start
> next start -p 3000

2025-06-12T04:10:39: 2025-06-12T04:10:39: 
> autoxau@1.0.0 start
> next start -p 3000

2025-06-12T04:10:40: 2025-06-12T04:10:40: 
> autoxau@1.0.0 start
> next start -p 3000

2025-06-12T04:10:41: 2025-06-12T04:10:41: 
> autoxau@1.0.0 start
> next start -p 3000

2025-06-12T04:10:42: 2025-06-12T04:10:43: 
> autoxau@1.0.0 start
> next start -p 3000

2025-06-12T04:10:43: 2025-06-12T04:10:44: 
> autoxau@1.0.0 start
> next start -p 3000

2025-06-12T04:10:44: 2025-06-12T04:10:45: 
> autoxau@1.0.0 start
> next start -p 3000

2025-06-12T04:10:45: 2025-06-12T04:10:46: 
> autoxau@1.0.0 start
> next start -p 3000

2025-06-12T04:10:46: 2025-06-12T04:10:47: 
> autoxau@1.0.0 start
> next start -p 3000

2025-06-12T04:10:48: 2025-06-12T04:10:48: 
> autoxau@1.0.0 start
> next start -p 3000

2025-06-12T04:10:49: 2025-06-12T04:10:49: 
> autoxau@1.0.0 start
> next start -p 3000

2025-06-12T04:10:50: 2025-06-12T04:10:50: 
> autoxau@1.0.0 start
> next start -p 3000

2025-06-12T04:10:51: 2025-06-12T04:10:51: 
> autoxau@1.0.0 start
> next start -p 3000

2025-06-12T04:10:52: 2025-06-12T04:10:52: 
> autoxau@1.0.0 start
> next start -p 3000

2025-06-12T04:10:53: 2025-06-12T04:10:53: 
> autoxau@1.0.0 start
> next start -p 3000

2025-06-12T04:10:54: 2025-06-12T04:10:54: 
> autoxau@1.0.0 start
> next start -p 3000

2025-06-12T04:10:55: 2025-06-12T04:10:55: 
> autoxau@1.0.0 start
> next start -p 3000

2025-06-12T04:10:56: 2025-06-12T04:10:56: 
> autoxau@1.0.0 start
> next start -p 3000

2025-06-12T04:10:57: 2025-06-12T04:10:57: 
> autoxau@1.0.0 start
> next start -p 3000

2025-06-12T04:10:58: 2025-06-12T04:10:58: 
> autoxau@1.0.0 start
> next start -p 3000

2025-06-12T04:10:59: 2025-06-12T04:10:59: 
> autoxau@1.0.0 start
> next start -p 3000

2025-06-12T04:11:00: 2025-06-12T04:11:00: 
> autoxau@1.0.0 start
> next start -p 3000

2025-06-12T04:11:01: 2025-06-12T04:11:01: 
> autoxau@1.0.0 start
> next start -p 3000

2025-06-12T04:11:02: 2025-06-12T04:11:02: 
> autoxau@1.0.0 start
> next start -p 3000

2025-06-12T04:11:03: 2025-06-12T04:11:04: 
> autoxau@1.0.0 start
> next start -p 3000

2025-06-12T04:11:04: 2025-06-12T04:11:05: 
> autoxau@1.0.0 start
> next start -p 3000

2025-06-12T04:11:06: 2025-06-12T04:11:06: 
> autoxau@1.0.0 start
> next start -p 3000

2025-06-12T04:11:07: 2025-06-12T04:11:07: 
> autoxau@1.0.0 start
> next start -p 3000

2025-06-12T04:11:08: 2025-06-12T04:11:08: 
> autoxau@1.0.0 start
> next start -p 3000

2025-06-12T04:11:08: 2025-06-12T04:11:09: 
> autoxau@1.0.0 start
> next start -p 3000

2025-06-12T04:11:10: 2025-06-12T04:11:10: 
> autoxau@1.0.0 start
> next start -p 3000

2025-06-12T04:11:11: 2025-06-12T04:11:11: 
> autoxau@1.0.0 start
> next start -p 3000

2025-06-12T04:11:12: 2025-06-12T04:11:12: 
> autoxau@1.0.0 start
> next start -p 3000

2025-06-12T04:11:13: 2025-06-12T04:11:13: 
> autoxau@1.0.0 start
> next start -p 3000

2025-06-12T04:11:14: 2025-06-12T04:11:14: 
> autoxau@1.0.0 start
> next start -p 3000

2025-06-12T04:11:15: 2025-06-12T04:11:15: 
> autoxau@1.0.0 start
> next start -p 3000

2025-06-12T04:11:16: 2025-06-12T04:11:16: 
> autoxau@1.0.0 start
> next start -p 3000

2025-06-12T04:11:17: 2025-06-12T04:11:17: 
> autoxau@1.0.0 start
> next start -p 3000

2025-06-12T04:11:18: 2025-06-12T04:11:18: 
> autoxau@1.0.0 start
> next start -p 3000

2025-06-12T04:11:19: 2025-06-12T04:11:19: 
> autoxau@1.0.0 start
> next start -p 3000

2025-06-12T04:11:20: 2025-06-12T04:11:20: 
> autoxau@1.0.0 start
> next start -p 3000

2025-06-12T04:11:21: 2025-06-12T04:11:22: 
> autoxau@1.0.0 start
> next start -p 3000

2025-06-12T04:11:22: 2025-06-12T04:11:23: 
> autoxau@1.0.0 start
> next start -p 3000

2025-06-12T04:11:23: 2025-06-12T04:11:24: 
> autoxau@1.0.0 start
> next start -p 3000

2025-06-12T04:11:25: 2025-06-12T04:11:25: 
> autoxau@1.0.0 start
> next start -p 3000

2025-06-12T04:11:26: 2025-06-12T04:11:26: 
> autoxau@1.0.0 start
> next start -p 3000

2025-06-12T04:11:27: 2025-06-12T04:11:28: 
> autoxau@1.0.0 start
> next start -p 3000

2025-06-12T04:11:28: 2025-06-12T04:11:28: 
> autoxau@1.0.0 start
> next start -p 3000

2025-06-12T04:11:29: 2025-06-12T04:11:30: 
> autoxau@1.0.0 start
> next start -p 3000

2025-06-12T04:11:30: 2025-06-12T04:11:31: 
> autoxau@1.0.0 start
> next start -p 3000

2025-06-12T04:11:32: 2025-06-12T04:11:32: 
> autoxau@1.0.0 start
> next start -p 3000

2025-06-12T04:11:33: 2025-06-12T04:11:33: 
> autoxau@1.0.0 start
> next start -p 3000

2025-06-12T04:11:33: 2025-06-12T04:11:34: 
> autoxau@1.0.0 start
> next start -p 3000

2025-06-12T04:11:34: 2025-06-12T04:11:35: 
> autoxau@1.0.0 start
> next start -p 3000

2025-06-12T04:11:35: 2025-06-12T04:11:36: 
> autoxau@1.0.0 start
> next start -p 3000

2025-06-12T04:11:36: 2025-06-12T04:11:37: 
> autoxau@1.0.0 start
> next start -p 3000

2025-06-12T04:11:37: 2025-06-12T04:11:38: 
> autoxau@1.0.0 start
> next start -p 3000

2025-06-12T04:11:38: 2025-06-12T04:11:39: 
> autoxau@1.0.0 start
> next start -p 3000

2025-06-12T04:11:39: 2025-06-12T04:11:40: 
> autoxau@1.0.0 start
> next start -p 3000

2025-06-12T04:11:40: 2025-06-12T04:11:41: 
> autoxau@1.0.0 start
> next start -p 3000

2025-06-12T04:11:41: 2025-06-12T04:11:42: 
> autoxau@1.0.0 start
> next start -p 3000

2025-06-12T04:11:42: 2025-06-12T04:11:43: 
> autoxau@1.0.0 start
> next start -p 3000

2025-06-12T04:11:43: 2025-06-12T04:11:43: 
> autoxau@1.0.0 start
> next start -p 3000

2025-06-12T04:11:44: 2025-06-12T04:11:44: 
> autoxau@1.0.0 start
> next start -p 3000

2025-06-12T04:11:45: 2025-06-12T04:11:45: 
> autoxau@1.0.0 start
> next start -p 3000

2025-06-12T04:11:46: 2025-06-12T04:11:46: 
> autoxau@1.0.0 start
> next start -p 3000

2025-06-12T04:11:47: 2025-06-12T04:11:47: 
> autoxau@1.0.0 start
> next start -p 3000

2025-06-12T04:11:48: 2025-06-12T04:11:48: 
> autoxau@1.0.0 start
> next start -p 3000

2025-06-12T04:11:49: 2025-06-12T04:11:49: 
> autoxau@1.0.0 start
> next start -p 3000

2025-06-12T04:11:50: 2025-06-12T04:11:50: 
> autoxau@1.0.0 start
> next start -p 3000

2025-06-12T04:11:51: 2025-06-12T04:11:51: 
> autoxau@1.0.0 start
> next start -p 3000

2025-06-12T04:11:52: 2025-06-12T04:11:52: 
> autoxau@1.0.0 start
> next start -p 3000

2025-06-12T04:11:53: 2025-06-12T04:11:53: 
> autoxau@1.0.0 start
> next start -p 3000

2025-06-12T04:11:54: 2025-06-12T04:11:54: 
> autoxau@1.0.0 start
> next start -p 3000

2025-06-12T04:11:55: 2025-06-12T04:11:55: 
> autoxau@1.0.0 start
> next start -p 3000

2025-06-12T04:11:56: 2025-06-12T04:11:56: 
> autoxau@1.0.0 start
> next start -p 3000

2025-06-12T04:11:57: 2025-06-12T04:11:57: 
> autoxau@1.0.0 start
> next start -p 3000

2025-06-12T04:11:58: 2025-06-12T04:11:58: 
> autoxau@1.0.0 start
> next start -p 3000

2025-06-12T04:11:59: 2025-06-12T04:11:59: 
> autoxau@1.0.0 start
> next start -p 3000

2025-06-12T04:12:00: 2025-06-12T04:12:00: 
> autoxau@1.0.0 start
> next start -p 3000

2025-06-12T04:12:01: 2025-06-12T04:12:01: 
> autoxau@1.0.0 start
> next start -p 3000

2025-06-12T04:12:02: 2025-06-12T04:12:03: 
> autoxau@1.0.0 start
> next start -p 3000

2025-06-12T04:12:03: 2025-06-12T04:12:04: 
> autoxau@1.0.0 start
> next start -p 3000

2025-06-12T04:12:05: 2025-06-12T04:12:05: 
> autoxau@1.0.0 start
> next start -p 3000

2025-06-12T04:12:06: 2025-06-12T04:12:06: 
> autoxau@1.0.0 start
> next start -p 3000

2025-06-12T04:12:07: 2025-06-12T04:12:07: 
> autoxau@1.0.0 start
> next start -p 3000

2025-06-12T04:12:08: 2025-06-12T04:12:08: 
> autoxau@1.0.0 start
> next start -p 3000

2025-06-12T04:12:09: 2025-06-12T04:12:09: 
> autoxau@1.0.0 start
> next start -p 3000

2025-06-12T04:12:10: 2025-06-12T04:12:10: 
> autoxau@1.0.0 start
> next start -p 3000

2025-06-12T04:12:11: 2025-06-12T04:12:11: 
> autoxau@1.0.0 start
> next start -p 3000

2025-06-12T04:12:12: 2025-06-12T04:12:12: 
> autoxau@1.0.0 start
> next start -p 3000

2025-06-12T04:12:13: 2025-06-12T04:12:14: 
> autoxau@1.0.0 start
> next start -p 3000

2025-06-12T04:12:14: 2025-06-12T04:12:15: 
> autoxau@1.0.0 start
> next start -p 3000

2025-06-12T04:12:15: 2025-06-12T04:12:16: 
> autoxau@1.0.0 start
> next start -p 3000

2025-06-12T04:12:17: 2025-06-12T04:12:17: 
> autoxau@1.0.0 start
> next start -p 3000

2025-06-12T04:12:18: 2025-06-12T04:12:18: 
> autoxau@1.0.0 start
> next start -p 3000

2025-06-12T04:12:19: 2025-06-12T04:12:19: 
> autoxau@1.0.0 start
> next start -p 3000

2025-06-12T04:12:20: 2025-06-12T04:12:20: 
> autoxau@1.0.0 start
> next start -p 3000

2025-06-12T04:12:21: 2025-06-12T04:12:21: 
> autoxau@1.0.0 start
> next start -p 3000

2025-06-12T04:12:22: 2025-06-12T04:12:22: 
> autoxau@1.0.0 start
> next start -p 3000

2025-06-12T04:12:23: 2025-06-12T04:12:23: 
> autoxau@1.0.0 start
> next start -p 3000

2025-06-12T04:12:24: 2025-06-12T04:12:24: 
> autoxau@1.0.0 start
> next start -p 3000

2025-06-12T04:12:25: 2025-06-12T04:12:25: 
> autoxau@1.0.0 start
> next start -p 3000

2025-06-12T04:12:26: 2025-06-12T04:12:26: 
> autoxau@1.0.0 start
> next start -p 3000

2025-06-12T04:12:27: 2025-06-12T04:12:27: 
> autoxau@1.0.0 start
> next start -p 3000

2025-06-12T04:12:28: 2025-06-12T04:12:28: 
> autoxau@1.0.0 start
> next start -p 3000

2025-06-12T04:12:29: 2025-06-12T04:12:29: 
> autoxau@1.0.0 start
> next start -p 3000

2025-06-12T04:12:30: 2025-06-12T04:12:30: 
> autoxau@1.0.0 start
> next start -p 3000

2025-06-12T04:12:30: 2025-06-12T04:12:31: 
> autoxau@1.0.0 start
> next start -p 3000

2025-06-12T04:12:31: 2025-06-12T04:12:32: 
> autoxau@1.0.0 start
> next start -p 3000

2025-06-12T04:12:32: 2025-06-12T04:12:33: 
> autoxau@1.0.0 start
> next start -p 3000

2025-06-12T04:12:33: 2025-06-12T04:12:34: 
> autoxau@1.0.0 start
> next start -p 3000

2025-06-12T04:12:34: 2025-06-12T04:12:35: 
> autoxau@1.0.0 start
> next start -p 3000

2025-06-12T04:12:35: 2025-06-12T04:12:36: 
> autoxau@1.0.0 start
> next start -p 3000

2025-06-12T04:12:36: 2025-06-12T04:12:37: 
> autoxau@1.0.0 start
> next start -p 3000

2025-06-12T04:12:37: 2025-06-12T04:12:38: 
> autoxau@1.0.0 start
> next start -p 3000

2025-06-12T04:12:38: 2025-06-12T04:12:39: 
> autoxau@1.0.0 start
> next start -p 3000

2025-06-12T04:12:39: 2025-06-12T04:12:40: 
> autoxau@1.0.0 start
> next start -p 3000

2025-06-12T04:12:40: 2025-06-12T04:12:41: 
> autoxau@1.0.0 start
> next start -p 3000

2025-06-12T04:12:41: 2025-06-12T04:12:42: 
> autoxau@1.0.0 start
> next start -p 3000

2025-06-12T04:12:42: 2025-06-12T04:12:43: 
> autoxau@1.0.0 start
> next start -p 3000

2025-06-12T04:12:43: 2025-06-12T04:12:44: 
> autoxau@1.0.0 start
> next start -p 3000

2025-06-12T04:12:44: 2025-06-12T04:12:44: 
> autoxau@1.0.0 start
> next start -p 3000

2025-06-12T04:12:45: 2025-06-12T04:12:46: 
> autoxau@1.0.0 start
> next start -p 3000

2025-06-12T04:12:46: 2025-06-12T04:12:46: 
> autoxau@1.0.0 start
> next start -p 3000

2025-06-12T04:12:47: 2025-06-12T04:12:48: 
> autoxau@1.0.0 start
> next start -p 3000

2025-06-12T04:12:48: 2025-06-12T04:12:49: 
> autoxau@1.0.0 start
> next start -p 3000

2025-06-12T04:12:49: 2025-06-12T04:12:50: 
> autoxau@1.0.0 start
> next start -p 3000

2025-06-12T04:12:50: 2025-06-12T04:12:51: 
> autoxau@1.0.0 start
> next start -p 3000

2025-06-12T04:12:51: 2025-06-12T04:12:52: 
> autoxau@1.0.0 start
> next start -p 3000

2025-06-12T04:12:52: 2025-06-12T04:12:53: 
> autoxau@1.0.0 start
> next start -p 3000

2025-06-12T04:12:53: 2025-06-12T04:12:54: 
> autoxau@1.0.0 start
> next start -p 3000

2025-06-12T04:12:54: 2025-06-12T04:12:55: 
> autoxau@1.0.0 start
> next start -p 3000

2025-06-12T04:12:55: 2025-06-12T04:12:55: 
> autoxau@1.0.0 start
> next start -p 3000

2025-06-12T04:12:56: 2025-06-12T04:12:56: 
> autoxau@1.0.0 start
> next start -p 3000

2025-06-12T04:12:57: 2025-06-12T04:12:57: 
> autoxau@1.0.0 start
> next start -p 3000

2025-06-12T04:12:58: 2025-06-12T04:12:58: 
> autoxau@1.0.0 start
> next start -p 3000

2025-06-12T04:12:59: 2025-06-12T04:13:00: 
> autoxau@1.0.0 start
> next start -p 3000

2025-06-12T04:13:00: 2025-06-12T04:13:01: 
> autoxau@1.0.0 start
> next start -p 3000

2025-06-12T04:13:02: 2025-06-12T04:13:02: 
> autoxau@1.0.0 start
> next start -p 3000

2025-06-12T04:13:03: 2025-06-12T04:13:03: 
> autoxau@1.0.0 start
> next start -p 3000

2025-06-12T04:13:04: 2025-06-12T04:13:05: 
> autoxau@1.0.0 start
> next start -p 3000

2025-06-12T04:13:05: 2025-06-12T04:13:05: 
> autoxau@1.0.0 start
> next start -p 3000

2025-06-12T04:13:06: 2025-06-12T04:13:06: 
> autoxau@1.0.0 start
> next start -p 3000

2025-06-12T04:13:07: 2025-06-12T04:13:07: 
> autoxau@1.0.0 start
> next start -p 3000

2025-06-12T04:13:08: 2025-06-12T04:13:08: 
> autoxau@1.0.0 start
> next start -p 3000

2025-06-12T04:13:09: 2025-06-12T04:13:09: 
> autoxau@1.0.0 start
> next start -p 3000

2025-06-12T04:13:10: 2025-06-12T04:13:10: 
> autoxau@1.0.0 start
> next start -p 3000

2025-06-12T04:13:11: 2025-06-12T04:13:12: 
> autoxau@1.0.0 start
> next start -p 3000

2025-06-12T04:13:12: 2025-06-12T04:13:13: 
> autoxau@1.0.0 start
> next start -p 3000

